<?xml version="1.0" encoding="UTF-8"?>
<testng-results total="1" passed="1" failed="0" skipped="0">
  <reporter-output>
  </reporter-output>
  <suite started-at="2021-11-22T10:12:05Z" name="Default suite" finished-at="2021-11-22T10:12:28Z" duration-ms="23666">
    <groups>
    </groups>
    <test started-at="2021-11-22T10:12:05Z" name="Default test" finished-at="2021-11-22T10:12:28Z" duration-ms="23666">
      <class name="com.mindtree.runner.BigSmallApplication">
        <test-method is-config="true" signature="getBrowser()[pri:0, instance:com.mindtree.runner.BigSmallApplication@6057aebb]" started-at="2021-11-22T15:42:05Z" name="getBrowser" finished-at="2021-11-22T15:42:08Z" duration-ms="3261" status="PASS">
          <reporter-output>
          </reporter-output>
        </test-method> <!-- getBrowser -->
        <test-method signature="PersonalizedGifts()[pri:0, instance:com.mindtree.runner.BigSmallApplication@6057aebb]" started-at="2021-11-22T15:42:08Z" name="PersonalizedGifts" finished-at="2021-11-22T15:42:24Z" duration-ms="16219" status="PASS">
          <reporter-output>
          </reporter-output>
        </test-method> <!-- PersonalizedGifts -->
        <test-method is-config="true" signature="closeDriver()[pri:0, instance:com.mindtree.runner.BigSmallApplication@6057aebb]" started-at="2021-11-22T15:42:24Z" name="closeDriver" finished-at="2021-11-22T15:42:28Z" duration-ms="4175" status="PASS">
          <reporter-output>
          </reporter-output>
        </test-method> <!-- closeDriver -->
      </class> <!-- com.mindtree.runner.BigSmallApplication -->
    </test> <!-- Default test -->
  </suite> <!-- Default suite -->
</testng-results>
